<?xml version="1.0" encoding="UTF-8"?>
<!-- Generated by org.testng.reporters.JUnitReportReporter -->
<testsuite hostname="Dell-PC" name="Activetime.LoginToActivetime" tests="1" failures="0" timestamp="30 Apr 2017 11:29:24 GMT" time="46.172" errors="0">
  <testcase name="login" time="46.172" classname="Activetime.LoginToActivetime"/>
</testsuite> <!-- Activetime.LoginToActivetime -->
