<?xml version="1.0" encoding="UTF-8"?>
<!-- Generated by org.testng.reporters.JUnitReportReporter -->
<testsuite hostname="Dell-PC" name="com.actitime.projectandcustomertest.ProjectAndCustomerTest" tests="2" failures="0" timestamp="24 Jul 2016 00:02:38 GMT" time="28.532" errors="0">
  <testcase name="createCustomerTest" time="28.531" classname="com.actitime.projectandcustomertest.ProjectAndCustomerTest"/>
  <testcase name="modifyCustomerTest" time="0.001" classname="com.actitime.projectandcustomertest.ProjectAndCustomerTest"/>
</testsuite> <!-- com.actitime.projectandcustomertest.ProjectAndCustomerTest -->
