<?xml version="1.0" encoding="UTF-8"?>
<!-- Generated by org.testng.reporters.JUnitReportReporter -->
<testsuite hostname="Dell-PC" name="com.actitime.usertest.UserTest" tests="2" failures="0" timestamp="24 Jul 2016 10:50:23 GMT" time="0.022" errors="0">
  <testcase name="createUserTest" time="0.020" classname="com.actitime.usertest.UserTest"/>
  <testcase name="modifyUserTest" time="0.002" classname="com.actitime.usertest.UserTest"/>
</testsuite> <!-- com.actitime.usertest.UserTest -->
